  LCS_Length.cpp
e:\文件\algorithm\lcs(compute length)\lcs_length.cpp(67): warning C4996: 'std::basic_string<_Elem,_Traits,_Ax>::copy': Function call with parameters that may be unsafe - this call relies on the caller to check that the passed values are correct. To disable this warning, use -D_SCL_SECURE_NO_WARNINGS. See documentation on how to use Visual C++ 'Checked Iterators'
          with
          [
              _Elem=char,
              _Traits=std::char_traits<char>,
              _Ax=std::allocator<char>
          ]
          c:\program files\microsoft visual studio 10.0\vc\include\xstring(1555) : 請參閱 'std::basic_string<_Elem,_Traits,_Ax>::copy' 的宣告
          with
          [
              _Elem=char,
              _Traits=std::char_traits<char>,
              _Ax=std::allocator<char>
          ]
e:\文件\algorithm\lcs(compute length)\lcs_length.cpp(68): warning C4996: 'std::basic_string<_Elem,_Traits,_Ax>::copy': Function call with parameters that may be unsafe - this call relies on the caller to check that the passed values are correct. To disable this warning, use -D_SCL_SECURE_NO_WARNINGS. See documentation on how to use Visual C++ 'Checked Iterators'
          with
          [
              _Elem=char,
              _Traits=std::char_traits<char>,
              _Ax=std::allocator<char>
          ]
          c:\program files\microsoft visual studio 10.0\vc\include\xstring(1555) : 請參閱 'std::basic_string<_Elem,_Traits,_Ax>::copy' 的宣告
          with
          [
              _Elem=char,
              _Traits=std::char_traits<char>,
              _Ax=std::allocator<char>
          ]
e:\文件\algorithm\lcs(compute length)\lcs_length.cpp(79): warning C4996: 'std::basic_string<_Elem,_Traits,_Ax>::copy': Function call with parameters that may be unsafe - this call relies on the caller to check that the passed values are correct. To disable this warning, use -D_SCL_SECURE_NO_WARNINGS. See documentation on how to use Visual C++ 'Checked Iterators'
          with
          [
              _Elem=char,
              _Traits=std::char_traits<char>,
              _Ax=std::allocator<char>
          ]
          c:\program files\microsoft visual studio 10.0\vc\include\xstring(1555) : 請參閱 'std::basic_string<_Elem,_Traits,_Ax>::copy' 的宣告
          with
          [
              _Elem=char,
              _Traits=std::char_traits<char>,
              _Ax=std::allocator<char>
          ]
e:\文件\algorithm\lcs(compute length)\lcs_length.cpp(80): warning C4996: 'std::basic_string<_Elem,_Traits,_Ax>::copy': Function call with parameters that may be unsafe - this call relies on the caller to check that the passed values are correct. To disable this warning, use -D_SCL_SECURE_NO_WARNINGS. See documentation on how to use Visual C++ 'Checked Iterators'
          with
          [
              _Elem=char,
              _Traits=std::char_traits<char>,
              _Ax=std::allocator<char>
          ]
          c:\program files\microsoft visual studio 10.0\vc\include\xstring(1555) : 請參閱 'std::basic_string<_Elem,_Traits,_Ax>::copy' 的宣告
          with
          [
              _Elem=char,
              _Traits=std::char_traits<char>,
              _Ax=std::allocator<char>
          ]
  LCS(Compute length).vcxproj -> E:\文件\Algorithm\LCS(Compute length)\Debug\LCS(Compute length).exe
